\BOOKMARK [0][-]{chapter*.3}{\376\377\000R\000e\000s\000u\000m\000e\000n}{}% 1
\BOOKMARK [0][-]{chapter*.4}{\376\377\000I\000n\000t\000r\000o\000d\000u\000c\000c\000i\000\363\000n}{}% 2
\BOOKMARK [0][-]{chapter.5}{\376\377\000E\000s\000t\000a\000d\000o\000\040\000d\000e\000l\000\040\000a\000r\000t\000e}{}% 3
\BOOKMARK [0][-]{chapter.6}{\376\377\000M\000a\000r\000c\000o\000\040\000t\000e\000\363\000r\000i\000c\000o}{}% 4
\BOOKMARK [1][-]{section.7}{\376\377\000T\000e\000o\000r\000\355\000a\000\040\000d\000e\000\040\000j\000u\000e\000g\000o\000s}{chapter.6}% 5
\BOOKMARK [2][-]{subsection.15}{\376\377\000E\000l\000\040\000v\000a\000l\000o\000r\000\040\000d\000e\000\040\000S\000h\000a\000p\000l\000e\000y}{section.7}% 6
\BOOKMARK [2][-]{subsection.21}{\376\377\000S\000e\000m\000i\000v\000a\000l\000o\000r\000e\000s}{section.7}% 7
\BOOKMARK [2][-]{subsection.24}{\376\377\000E\000l\000\040\000v\000a\000l\000o\000r\000\040\000d\000e\000\040\000B\000a\000n\000z\000h\000a\000f}{section.7}% 8
\BOOKMARK [1][-]{section.28}{\376\377\000V\000a\000l\000o\000r\000a\000c\000i\000\363\000n\000\040\000d\000e\000\040\000d\000a\000t\000o\000s}{chapter.6}% 9
\BOOKMARK [1][-]{section.34}{\376\377\000M\000i\000d\000i\000e\000n\000d\000o\000\040\000l\000a\000\040\000r\000o\000b\000u\000s\000t\000e\000z}{chapter.6}% 10
\BOOKMARK [2][-]{subsection.41}{\376\377\000R\000o\000b\000u\000s\000t\000e\000z\000\040\000d\000e\000l\000\040\000v\000a\000l\000o\000r\000\040\000d\000e\000\040\000B\000a\000n\000z\000h\000a\000f}{section.34}% 11
\BOOKMARK [2][-]{subsection.46}{\376\377\000E\000s\000t\000i\000m\000a\000c\000i\000\363\000n\000\040\000e\000f\000i\000c\000i\000e\000n\000t\000e}{section.34}% 12
\BOOKMARK [0][-]{chapter.57}{\376\377\000A\000n\000\341\000l\000i\000s\000i\000s\000\040\000E\000x\000p\000e\000r\000i\000m\000e\000n\000t\000a\000l}{}% 13
\BOOKMARK [1][-]{section.58}{\376\377\000M\000e\000t\000o\000d\000o\000l\000o\000g\000\355\000a}{chapter.57}% 14
\BOOKMARK [2][-]{subsection.59}{\376\377\000D\000a\000t\000a\000s\000e\000t\000s}{section.58}% 15
\BOOKMARK [2][-]{subsection.61}{\376\377\000H\000e\000r\000r\000a\000m\000i\000e\000n\000t\000a\000s}{section.58}% 16
\BOOKMARK [1][-]{section.65}{\376\377\000E\000x\000p\000e\000r\000i\000m\000e\000n\000t\000o\000s}{chapter.57}% 17
\BOOKMARK [2][-]{subsection.66}{\376\377\000D\000e\000t\000e\000c\000c\000i\000\363\000n\000\040\000d\000e\000\040\000d\000a\000t\000o\000s\000\040\000m\000a\000l\000\040\000e\000t\000i\000q\000u\000e\000t\000a\000d\000o\000s}{section.65}% 18
\BOOKMARK [2][-]{subsection.68}{\376\377\000E\000n\000t\000r\000e\000n\000a\000m\000i\000e\000n\000t\000o\000\040\000p\000o\000n\000d\000e\000r\000a\000d\000o}{section.65}% 19
\BOOKMARK [0][-]{chapter.70}{\376\377\000C\000o\000n\000c\000l\000u\000s\000i\000o\000n\000e\000s\000\040\000y\000\040\000T\000r\000a\000b\000a\000j\000o\000\040\000F\000u\000t\000u\000r\000o}{}% 20
\BOOKMARK [0][-]{chapter*.71}{\376\377\000B\000i\000b\000l\000i\000o\000g\000r\000a\000f\000\355\000a\000.}{}% 21
\BOOKMARK [0][-]{chapter*.71}{\376\377\000\315\000n\000d\000i\000c\000e\000\040\000a\000l\000f\000a\000b\000\351\000t\000i\000c\000o}{}% 22
\BOOKMARK [0][-]{appendix.73}{\376\377\000F\000u\000n\000c\000i\000o\000n\000e\000s\000\040\000G\000a\000m\000m\000a\000\040\000y\000\040\000B\000e\000t\000a}{}% 23
\BOOKMARK [1][-]{section.74}{\376\377\000F\000u\000n\000c\000i\000\363\000n\000\040\000G\000a\000m\000m\000a}{appendix.73}% 24
\BOOKMARK [1][-]{section.82}{\376\377\000F\000u\000n\000c\000i\000\363\000n\000\040\000B\000e\000t\000a}{appendix.73}% 25
\BOOKMARK [0][-]{appendix.89}{\376\377\000C\000\363\000d\000i\000g\000o\000\040\000r\000e\000l\000e\000v\000a\000n\000t\000e}{}% 26
\BOOKMARK [1][-]{section.90}{\376\377\000P\000r\000e\000p\000r\000o\000c\000e\000s\000a\000d\000o\000\040\000d\000e\000\040\000d\000a\000t\000o\000s}{appendix.89}% 27
\BOOKMARK [1][-]{section.134}{\376\377\000E\000j\000e\000m\000p\000l\000o\000\040\000d\000e\000\040\000u\000s\000o\000\040\000d\000e\000\040\000p\000y\000D\000V\000L}{appendix.89}% 28
